<?xml version="1.0" encoding="UTF-8"?>
<!-- Generated by org.testng.reporters.JUnitReportReporter -->
<testsuite hostname="MSI" failures="0" tests="1" name="DemoTest.Test1.TestNGDemo" time="5.250" errors="0" timestamp="2022-09-14T09:41:37 IST" skipped="0">
  <testcase classname="DemoTest.Test1.TestNGDemo" name="verifyPageTitle" time="5.250"/>
  <system-out/>
</testsuite> <!-- DemoTest.Test1.TestNGDemo -->
